Streaming transaction logs mentioning Fg852CkXa5T6tXeA86FCEj6zKa48U2oqMXMmPouvEWnP. Confirmed commitment
Transaction executed in slot 30:
  Signature: oKGwn5b62qjpFGcLyvzX2oamutsngdvyKh56DbTdfN9gn2TvJQVGmPtobJZrrDZyp8vW8fDe55gePqDkZq3RFxx
  Status: Ok
  Log Messages:
    Program Fg852CkXa5T6tXeA86FCEj6zKa48U2oqMXMmPouvEWnP invoke [1]
    Program log: Instruction: InitializePlatform
    Program 11111111111111111111111111111111 invoke [2]
    Program 11111111111111111111111111111111 success
    Program Fg852CkXa5T6tXeA86FCEj6zKa48U2oqMXMmPouvEWnP consumed 6522 of 200000 compute units
    Program Fg852CkXa5T6tXeA86FCEj6zKa48U2oqMXMmPouvEWnP success
Transaction executed in slot 31:
  Signature: qMLym1Eo7Z18UtBYiEtbn6faL8YxHnbFN3RnFGbcABYKweZ3dCkA29ohvXerJRZtZkUx9x9aw33i2k7srpfzBpB
  Status: Ok
  Log Messages:
    Program Fg852CkXa5T6tXeA86FCEj6zKa48U2oqMXMmPouvEWnP invoke [1]
    Program log: Instruction: CreateCampaign
    Program 11111111111111111111111111111111 invoke [2]
    Program 11111111111111111111111111111111 success
    Program Fg852CkXa5T6tXeA86FCEj6zKa48U2oqMXMmPouvEWnP consumed 12480 of 200000 compute units
    Program Fg852CkXa5T6tXeA86FCEj6zKa48U2oqMXMmPouvEWnP success
Transaction executed in slot 33:
  Signature: 5eh7HLo6WWiZeaSvvHASoB4gmr5ZwUz5maKWVqZkuRJW2CPUyb5xYkxnvCFkFP3g5CGqfQdzafSqvpnExuJoswWG
  Status: Ok
  Log Messages:
    Program Fg852CkXa5T6tXeA86FCEj6zKa48U2oqMXMmPouvEWnP invoke [1]
    Program log: Instruction: Donate
    Program 11111111111111111111111111111111 invoke [2]
    Program 11111111111111111111111111111111 success
    Program 11111111111111111111111111111111 invoke [2]
    Program 11111111111111111111111111111111 success
    Program Fg852CkXa5T6tXeA86FCEj6zKa48U2oqMXMmPouvEWnP consumed 9877 of 200000 compute units
    Program Fg852CkXa5T6tXeA86FCEj6zKa48U2oqMXMmPouvEWnP success
Transaction executed in slot 35:
  Signature: E25oHwJ1G76SdzkS6n8bVmdywET377vzz5Th16JgLXL9gxn56hsCHLtHdaoRNkYiKVnwYJJDMAB4aTczm5t99eL
  Status: Ok
  Log Messages:
    Program Fg852CkXa5T6tXeA86FCEj6zKa48U2oqMXMmPouvEWnP invoke [1]
    Program log: Instruction: Donate
    Program 11111111111111111111111111111111 invoke [2]
    Program 11111111111111111111111111111111 success
    Program 11111111111111111111111111111111 invoke [2]
    Program 11111111111111111111111111111111 success
    Program Fg852CkXa5T6tXeA86FCEj6zKa48U2oqMXMmPouvEWnP consumed 9877 of 200000 compute units
    Program Fg852CkXa5T6tXeA86FCEj6zKa48U2oqMXMmPouvEWnP success
Transaction executed in slot 35:
  Signature: 4fBHe4GqJ9UoHS7NrHDvpCuj2cwfikWT6qysvKYR71AHwRQq7WdjqocCRUeGdCdrsMSzSEtna1d4DLpEqgYoyPp
  Status: Ok
  Log Messages:
    Program Fg852CkXa5T6tXeA86FCEj6zKa48U2oqMXMmPouvEWnP invoke [1]
    Program log: Instruction: Withdraw
    Program Fg852CkXa5T6tXeA86FCEj6zKa48U2oqMXMmPouvEWnP consumed 3777 of 200000 compute units
    Program Fg852CkXa5T6tXeA86FCEj6zKa48U2oqMXMmPouvEWnP success
Transaction executed in slot 36:
  Signature: 4fBHe4GqJ9UoHS7NrHDvpCuj2cwfikWT6qysvKYR71AHwRQq7WdjqocCRUeGdCdrsMSzSEtna1d4DLpEqgYoyPp
  Status: Ok
  Log Messages:
    Program Fg852CkXa5T6tXeA86FCEj6zKa48U2oqMXMmPouvEWnP invoke [1]
    Program log: Instruction: Withdraw
    Program Fg852CkXa5T6tXeA86FCEj6zKa48U2oqMXMmPouvEWnP consumed 3777 of 200000 compute units
    Program Fg852CkXa5T6tXeA86FCEj6zKa48U2oqMXMmPouvEWnP success
Transaction executed in slot 36:
  Signature: 3Q1KmY9tTXrfhUj3vPgLZ8ckpKFo4xh21gtD6xFNLdQNdYaVgXwN5fPwiGtAkZSXPTPu19Y7MaV1sgCd4QYQWaHe
  Status: Ok
  Log Messages:
    Program Fg852CkXa5T6tXeA86FCEj6zKa48U2oqMXMmPouvEWnP invoke [1]
    Program log: Instruction: UpdateCampaign
    Program Fg852CkXa5T6tXeA86FCEj6zKa48U2oqMXMmPouvEWnP consumed 4043 of 200000 compute units
    Program Fg852CkXa5T6tXeA86FCEj6zKa48U2oqMXMmPouvEWnP success
Transaction executed in slot 37:
  Signature: 3Q1KmY9tTXrfhUj3vPgLZ8ckpKFo4xh21gtD6xFNLdQNdYaVgXwN5fPwiGtAkZSXPTPu19Y7MaV1sgCd4QYQWaHe
  Status: Ok
  Log Messages:
    Program Fg852CkXa5T6tXeA86FCEj6zKa48U2oqMXMmPouvEWnP invoke [1]
    Program log: Instruction: UpdateCampaign
    Program Fg852CkXa5T6tXeA86FCEj6zKa48U2oqMXMmPouvEWnP consumed 4043 of 200000 compute units
    Program Fg852CkXa5T6tXeA86FCEj6zKa48U2oqMXMmPouvEWnP success
Transaction executed in slot 38:
  Signature: 2dLeybSVPeaEtWM78dHcMu4Xb7zWs58ESM1AjF3988TaLs42p2PaSUQjg46Bv8AgvdKVXFoH1gHW8PsnnqAYikeX
  Status: Ok
  Log Messages:
    Program Fg852CkXa5T6tXeA86FCEj6zKa48U2oqMXMmPouvEWnP invoke [1]
    Program log: Instruction: UpdatePlatformSettings
    Program Fg852CkXa5T6tXeA86FCEj6zKa48U2oqMXMmPouvEWnP consumed 3072 of 200000 compute units
    Program Fg852CkXa5T6tXeA86FCEj6zKa48U2oqMXMmPouvEWnP success
Transaction executed in slot 38:
  Signature: 2ZWjD9LLcsxymkjb8GiVzXxZGBojghHbn9V3gir1LhxJQpERBPACYkC5PWMX64Af7C3FVHfEBkWwY3LXWnLubXot
  Status: Error processing Instruction 0: custom program error: 0x1770
  Log Messages:
    Program Fg852CkXa5T6tXeA86FCEj6zKa48U2oqMXMmPouvEWnP invoke [1]
    Program log: Instruction: CreateCampaign
    Program 11111111111111111111111111111111 invoke [2]
    Program 11111111111111111111111111111111 success
    Program log: AnchorError thrown in src/instructions/create_campaign.rs:34. Error Code: TitleTooLong. Error Number: 6000. Error Message: Title too long.
    Program Fg852CkXa5T6tXeA86FCEj6zKa48U2oqMXMmPouvEWnP consumed 13722 of 200000 compute units
    Program Fg852CkXa5T6tXeA86FCEj6zKa48U2oqMXMmPouvEWnP failed: custom program error: 0x1770
Transaction executed in slot 40:
  Signature: 4z4bf1aPUBwdmK7mjL3gsHCtnmyL9Wp5mxt3JoiTToEPWQn6HLHDmLMveKfVfx2vPjQi4b1mDtnrYGCRndNELAz
  Status: Ok
  Log Messages:
    Program Fg852CkXa5T6tXeA86FCEj6zKa48U2oqMXMmPouvEWnP invoke [1]
    Program log: Instruction: CreateCampaign
    Program 11111111111111111111111111111111 invoke [2]
    Program 11111111111111111111111111111111 success
    Program Fg852CkXa5T6tXeA86FCEj6zKa48U2oqMXMmPouvEWnP consumed 13504 of 200000 compute units
    Program Fg852CkXa5T6tXeA86FCEj6zKa48U2oqMXMmPouvEWnP success
Transaction executed in slot 41:
  Signature: iAmUjcXqHRyeBGfkL2kxgehnXv2JK7PemVfs2SL6s6WkH8FJCa59Lb7DBU9U6rgqse8GC8T53NXgsJeiXcVXJKy
  Status: Ok
  Log Messages:
    Program Fg852CkXa5T6tXeA86FCEj6zKa48U2oqMXMmPouvEWnP invoke [1]
    Program log: Instruction: CreateCampaign
    Program 11111111111111111111111111111111 invoke [2]
    Program 11111111111111111111111111111111 success
    Program Fg852CkXa5T6tXeA86FCEj6zKa48U2oqMXMmPouvEWnP consumed 11976 of 200000 compute units
    Program Fg852CkXa5T6tXeA86FCEj6zKa48U2oqMXMmPouvEWnP success
Transaction executed in slot 41:
  Signature: 3Z636eeDQSbbVfZuKUe7EVrjp4BXMBjyu8qdoVoW9Xpa1jJwbvouPTTLaBVUyRi46CDtzJ6vU26kurubSrzE4Fwg
  Status: Ok
  Log Messages:
    Program Fg852CkXa5T6tXeA86FCEj6zKa48U2oqMXMmPouvEWnP invoke [1]
    Program log: Instruction: DeleteCampaign
    Program Fg852CkXa5T6tXeA86FCEj6zKa48U2oqMXMmPouvEWnP consumed 1854 of 200000 compute units
    Program Fg852CkXa5T6tXeA86FCEj6zKa48U2oqMXMmPouvEWnP success
Transaction executed in slot 42:
  Signature: 3Z636eeDQSbbVfZuKUe7EVrjp4BXMBjyu8qdoVoW9Xpa1jJwbvouPTTLaBVUyRi46CDtzJ6vU26kurubSrzE4Fwg
  Status: Ok
  Log Messages:
    Program Fg852CkXa5T6tXeA86FCEj6zKa48U2oqMXMmPouvEWnP invoke [1]
    Program log: Instruction: DeleteCampaign
    Program Fg852CkXa5T6tXeA86FCEj6zKa48U2oqMXMmPouvEWnP consumed 1854 of 200000 compute units
    Program Fg852CkXa5T6tXeA86FCEj6zKa48U2oqMXMmPouvEWnP success
Transaction executed in slot 43:
  Signature: 3Bndrq4ULmZpQytYorShoYKRJhm7V35y7fRwbrCEvFar3KgpqWJ9JH8CFabFJ2gZDquTe5wpktj2HvvH75b3uYvd
  Status: Ok
  Log Messages:
    Program Fg852CkXa5T6tXeA86FCEj6zKa48U2oqMXMmPouvEWnP invoke [1]
    Program log: Instruction: CreateCampaign
    Program 11111111111111111111111111111111 invoke [2]
    Program 11111111111111111111111111111111 success
    Program Fg852CkXa5T6tXeA86FCEj6zKa48U2oqMXMmPouvEWnP consumed 12004 of 200000 compute units
    Program Fg852CkXa5T6tXeA86FCEj6zKa48U2oqMXMmPouvEWnP success
Transaction executed in slot 45:
  Signature: dm3FEeSpsZsESKMTDU4h8MGVTavaph8Hmmje4mHBirjFBZfUXuw8Aa4Ce1cjN4X8frAsHnZBbgqZDr4btV6oRz2
  Status: Ok
  Log Messages:
    Program Fg852CkXa5T6tXeA86FCEj6zKa48U2oqMXMmPouvEWnP invoke [1]
    Program log: Instruction: Donate
    Program 11111111111111111111111111111111 invoke [2]
    Program 11111111111111111111111111111111 success
    Program 11111111111111111111111111111111 invoke [2]
    Program 11111111111111111111111111111111 success
    Program Fg852CkXa5T6tXeA86FCEj6zKa48U2oqMXMmPouvEWnP consumed 9401 of 200000 compute units
    Program Fg852CkXa5T6tXeA86FCEj6zKa48U2oqMXMmPouvEWnP success
Transaction executed in slot 45:
  Signature: 3if7T9Wf5JzQnb136cURE1iM5RAmpGKHQUkXKy37mDrsfUqgrLFD3SfGi8VRAM9QWMZNc9J8Lo1FkLP36tYBZRiP
  Status: Error processing Instruction 0: custom program error: 0x1776
  Log Messages:
    Program Fg852CkXa5T6tXeA86FCEj6zKa48U2oqMXMmPouvEWnP invoke [1]
    Program log: Instruction: DeleteCampaign
    Program log: AnchorError thrown in src/instructions/delete_campaign.rs:15. Error Code: WithdrawNotAllowed. Error Number: 6006. Error Message: Goal not reached or deadline not passed.
    Program Fg852CkXa5T6tXeA86FCEj6zKa48U2oqMXMmPouvEWnP consumed 3290 of 200000 compute units
    Program Fg852CkXa5T6tXeA86FCEj6zKa48U2oqMXMmPouvEWnP failed: custom program error: 0x1776
